<?xml version="1.0" encoding="UTF-8"?>
<testng-results ignored="0" total="2" passed="2" failed="0" skipped="0">
  <reporter-output>
  </reporter-output>
  <suite started-at="2023-05-17T19:56:57 IST" name="Suite" finished-at="2023-05-17T19:57:38 IST" duration-ms="40473">
    <groups>
    </groups>
    <test started-at="2023-05-17T19:56:57 IST" name="Test" finished-at="2023-05-17T19:57:38 IST" duration-ms="40473">
      <class name="Demo_TestNg.Test_HomePage">
        <test-method signature="tstdata1()[pri:0, instance:Demo_TestNg.Test_HomePage@35ef1869]" started-at="2023-05-17T19:57:16 IST" name="tstdata1" finished-at="2023-05-17T19:57:38 IST" duration-ms="21101" status="PASS">
          <reporter-output>
          </reporter-output>
        </test-method> <!-- tstdata1 -->
      </class> <!-- Demo_TestNg.Test_HomePage -->
      <class name="Demo_TestNg.Testing_DataProvider">
        <test-method signature="tstdata()[pri:0, instance:Demo_TestNg.Testing_DataProvider@31c88ec8]" started-at="2023-05-17T19:56:57 IST" name="tstdata" finished-at="2023-05-17T19:57:16 IST" duration-ms="19305" status="PASS">
          <reporter-output>
          </reporter-output>
        </test-method> <!-- tstdata -->
      </class> <!-- Demo_TestNg.Testing_DataProvider -->
    </test> <!-- Test -->
  </suite> <!-- Suite -->
</testng-results>
